0 info it worked if it ends with ok
1 verbose cli [ 'node', '/usr/local/bin/npm', 'install', 'netlify-cli', '-g' ]
2 info using npm@2.8.3
3 info using node@v0.12.0
4 verbose install initial load of /Users/aff/npms-global/lib/package.json
5 verbose readDependencies loading dependencies from /Users/aff/npms-global/lib/package.json
6 silly cache add args [ 'netlify-cli', null ]
7 verbose cache add spec netlify-cli
8 silly cache add parsed spec { raw: 'netlify-cli',
8 silly cache add   scope: null,
8 silly cache add   name: 'netlify-cli',
8 silly cache add   rawSpec: '',
8 silly cache add   spec: '*',
8 silly cache add   type: 'range' }
9 silly addNamed netlify-cli@*
10 verbose addNamed "*" is a valid semver range for netlify-cli
11 silly addNameRange { name: 'netlify-cli', range: '*', hasData: false }
12 silly mapToRegistry name netlify-cli
13 silly mapToRegistry using default registry
14 silly mapToRegistry registry https://registry.npmjs.org/
15 silly mapToRegistry uri https://registry.npmjs.org/netlify-cli
16 verbose addNameRange registry:https://registry.npmjs.org/netlify-cli not in flight; fetching
17 verbose request uri https://registry.npmjs.org/netlify-cli
18 verbose request no auth needed
19 info attempt registry request try #1 at 17:39:50
20 verbose request id 17ba593befb99df9
21 http request GET https://registry.npmjs.org/netlify-cli
22 http 200 https://registry.npmjs.org/netlify-cli
23 silly get cb [ 200,
23 silly get   { server: 'CouchDB/1.5.0 (Erlang OTP/R16B03)',
23 silly get     etag: '"7969FLVC0IKZFQ56JQMM40A11"',
23 silly get     'content-type': 'application/json',
23 silly get     'cache-control': 'max-age=60',
23 silly get     'content-length': '17464',
23 silly get     'accept-ranges': 'bytes',
23 silly get     date: 'Tue, 10 Nov 2015 16:39:50 GMT',
23 silly get     via: '1.1 varnish',
23 silly get     age: '0',
23 silly get     connection: 'keep-alive',
23 silly get     'x-served-by': 'cache-ams4142-AMS',
23 silly get     'x-cache': 'MISS',
23 silly get     'x-cache-hits': '0',
23 silly get     'x-timer': 'S1447173590.324193,VS0,VE491',
23 silly get     vary: 'Accept' } ]
24 verbose get saving netlify-cli to /Users/aff/.npm/registry.npmjs.org/netlify-cli/.cache.json
25 silly addNameRange number 2 { name: 'netlify-cli', range: '*', hasData: true }
26 silly addNameRange versions [ 'netlify-cli',
26 silly addNameRange   [ '0.0.1',
26 silly addNameRange     '0.1.1',
26 silly addNameRange     '0.1.2',
26 silly addNameRange     '0.2.0',
26 silly addNameRange     '0.2.1',
26 silly addNameRange     '0.2.2',
26 silly addNameRange     '0.2.3',
26 silly addNameRange     '0.2.4',
26 silly addNameRange     '0.2.5',
26 silly addNameRange     '0.2.6',
26 silly addNameRange     '0.2.7',
26 silly addNameRange     '0.2.9',
26 silly addNameRange     '0.2.10',
26 silly addNameRange     '0.2.11' ] ]
27 silly addNamed netlify-cli@0.2.11
28 verbose addNamed "0.2.11" is a plain semver version for netlify-cli
29 silly mapToRegistry name netlify-cli
30 silly mapToRegistry using default registry
31 silly mapToRegistry registry https://registry.npmjs.org/
32 silly mapToRegistry uri https://registry.npmjs.org/netlify-cli
33 verbose addRemoteTarball https://registry.npmjs.org/netlify-cli/-/netlify-cli-0.2.11.tgz not in flight; adding
34 verbose addRemoteTarball [ 'https://registry.npmjs.org/netlify-cli/-/netlify-cli-0.2.11.tgz',
34 verbose addRemoteTarball   'e1cf6659fe9e0b3f6aa4a0922bab50b308ddf382' ]
35 info retry fetch attempt 1 at 17:39:50
36 info attempt registry request try #1 at 17:39:50
37 http fetch GET https://registry.npmjs.org/netlify-cli/-/netlify-cli-0.2.11.tgz
38 http fetch 200 https://registry.npmjs.org/netlify-cli/-/netlify-cli-0.2.11.tgz
39 silly fetchAndShaCheck shasum e1cf6659fe9e0b3f6aa4a0922bab50b308ddf382
40 verbose addTmpTarball /var/folders/6b/5f2bbfn97251b8jfzqzhdl200000gn/T/npm-46096-2e61f8d8/registry.npmjs.org/netlify-cli/-/netlify-cli-0.2.11.tgz not in flight; adding
41 verbose addTmpTarball already have metadata; skipping unpack for netlify-cli@0.2.11
42 silly cache afterAdd netlify-cli@0.2.11
43 verbose afterAdd /Users/aff/.npm/netlify-cli/0.2.11/package/package.json not in flight; writing
44 verbose afterAdd /Users/aff/.npm/netlify-cli/0.2.11/package/package.json written
45 silly install resolved [ { name: 'netlify-cli',
45 silly install resolved     version: '0.2.11',
45 silly install resolved     description: 'Netlify builds, deploys and hosts your front-end straight from Github.',
45 silly install resolved     scripts: { test: 'echo "Error: no test specified" && exit 1' },
45 silly install resolved     bin: { netlify: './bin/cli.js' },
45 silly install resolved     keywords: [ 'netlify', 'hosting', 'cdn', 'deploy' ],
45 silly install resolved     author: { name: 'Netlify' },
45 silly install resolved     license: 'MIT',
45 silly install resolved     bugs: { url: 'https://github.com/netlify/netlify-cli/issues' },
45 silly install resolved     repository:
45 silly install resolved      { type: 'git',
45 silly install resolved        url: 'https://github.com/netlify/netlify-cli.git' },
45 silly install resolved     homepage: 'https://github.com/netlify/netlify-cli',
45 silly install resolved     dependencies:
45 silly install resolved      { open: '0.0.5',
45 silly install resolved        netlify: '^0.2.6',
45 silly install resolved        commander: '^2.3.0',
45 silly install resolved        chalk: '^0.5.1',
45 silly install resolved        'home-dir': '^0.2.0',
45 silly install resolved        prompt: '^0.2.14',
45 silly install resolved        github: '^0.2.4' },
45 silly install resolved     gitHead: '607fa3d7969d67fd66ec0765f608d97427a2642e',
45 silly install resolved     _id: 'netlify-cli@0.2.11',
45 silly install resolved     _shasum: 'e1cf6659fe9e0b3f6aa4a0922bab50b308ddf382',
45 silly install resolved     _from: 'netlify-cli@*',
45 silly install resolved     _npmVersion: '2.5.1',
45 silly install resolved     _nodeVersion: '0.12.0',
45 silly install resolved     _npmUser: { name: 'biilmann', email: 'info@mathias-biilmann.net' },
45 silly install resolved     dist:
45 silly install resolved      { shasum: 'e1cf6659fe9e0b3f6aa4a0922bab50b308ddf382',
45 silly install resolved        tarball: 'http://registry.npmjs.org/netlify-cli/-/netlify-cli-0.2.11.tgz' },
45 silly install resolved     maintainers: [ [Object] ],
45 silly install resolved     directories: {},
45 silly install resolved     _resolved: 'https://registry.npmjs.org/netlify-cli/-/netlify-cli-0.2.11.tgz' } ]
46 info install netlify-cli@0.2.11 into /Users/aff/npms-global/lib
47 info installOne netlify-cli@0.2.11
48 verbose installOne of netlify-cli to /Users/aff/npms-global/lib not in flight; installing
49 warn locking Error: EACCES, open '/Users/aff/.npm/_locks/netlify-cli-a4a3135a88987d07.lock'
49 warn locking     at Error (native)
49 warn locking  /Users/aff/.npm/_locks/netlify-cli-a4a3135a88987d07.lock failed { [Error: EACCES, open '/Users/aff/.npm/_locks/netlify-cli-a4a3135a88987d07.lock']
49 warn locking   errno: -13,
49 warn locking   code: 'EACCES',
49 warn locking   path: '/Users/aff/.npm/_locks/netlify-cli-a4a3135a88987d07.lock' }
50 verbose stack Error: Attempt to unlock /Users/aff/npms-global/lib/node_modules/netlify-cli, which hasn't been locked
50 verbose stack     at unlock (/usr/local/lib/node_modules/npm/lib/utils/locker.js:66:11)
50 verbose stack     at cb (/usr/local/lib/node_modules/npm/lib/install.js:1013:5)
50 verbose stack     at /usr/local/lib/node_modules/npm/lib/install.js:1017:20
50 verbose stack     at /usr/local/lib/node_modules/npm/lib/utils/locker.js:40:9
50 verbose stack     at cb (/usr/local/lib/node_modules/npm/node_modules/lockfile/lockfile.js:149:38)
50 verbose stack     at /usr/local/lib/node_modules/npm/node_modules/lockfile/lockfile.js:177:38
50 verbose stack     at FSReqWrap.oncomplete (fs.js:99:15)
51 verbose cwd /Users/aff/Desktop/bitballoon/low q
52 error Darwin 14.5.0
53 error argv "node" "/usr/local/bin/npm" "install" "netlify-cli" "-g"
54 error node v0.12.0
55 error npm  v2.8.3
56 error Attempt to unlock /Users/aff/npms-global/lib/node_modules/netlify-cli, which hasn't been locked
57 error If you need help, you may report this error at:
57 error     <https://github.com/npm/npm/issues>
58 verbose exit [ 1, true ]
